<?xml version="1.0" encoding="UTF-8"?>
<testsuite xmlns:xsi="http://www.w3.org/2001/XMLSchema-instance" xsi:noNamespaceSchemaLocation="https://maven.apache.org/surefire/maven-surefire-plugin/xsd/surefire-test-report.xsd" name="com.akkki.AppTest" time="0.139" tests="1" errors="0" skipped="0" failures="0">
  <properties>
    <property name="sun.desktop" value="gnome"/>
    <property name="awt.toolkit" value="sun.awt.X11.XToolkit"/>
    <property name="file.encoding.pkg" value="sun.io"/>
    <property name="java.specification.version" value="1.8"/>
    <property name="sun.cpu.isalist" value=""/>
    <property name="sun.jnu.encoding" value="UTF-8"/>
    <property name="java.class.path" value="/home/akhilesh/devops_software/01aug2018/akkki/target/test-classes:/home/akhilesh/devops_software/01aug2018/akkki/target/classes:/home/akhilesh/.m2/repository/junit/junit/4.11/junit-4.11.jar:/home/akhilesh/.m2/repository/org/hamcrest/hamcrest-core/1.3/hamcrest-core-1.3.jar:"/>
    <property name="java.vm.vendor" value="Oracle Corporation"/>
    <property name="sun.arch.data.model" value="64"/>
    <property name="java.vendor.url" value="http://java.oracle.com/"/>
    <property name="user.timezone" value=""/>
    <property name="java.vm.specification.version" value="1.8"/>
    <property name="os.name" value="Linux"/>
    <property name="user.country" value="IN"/>
    <property name="sun.java.launcher" value="SUN_STANDARD"/>
    <property name="sun.boot.library.path" value="/home/akhilesh/devops_software/jdk1.8.0_144/jre/lib/amd64"/>
    <property name="sun.java.command" value="/home/akhilesh/devops_software/01aug2018/akkki/target/surefire/surefirebooter8731953914173739927.jar /home/akhilesh/devops_software/01aug2018/akkki/target/surefire 2018-08-01T20-16-09_978-jvmRun1 surefire8211500478916533940tmp surefire_07879430115458987642tmp"/>
    <property name="surefire.test.class.path" value="/home/akhilesh/devops_software/01aug2018/akkki/target/test-classes:/home/akhilesh/devops_software/01aug2018/akkki/target/classes:/home/akhilesh/.m2/repository/junit/junit/4.11/junit-4.11.jar:/home/akhilesh/.m2/repository/org/hamcrest/hamcrest-core/1.3/hamcrest-core-1.3.jar:"/>
    <property name="sun.cpu.endian" value="little"/>
    <property name="user.home" value="/home/akhilesh"/>
    <property name="user.language" value="en"/>
    <property name="java.specification.vendor" value="Oracle Corporation"/>
    <property name="java.home" value="/home/akhilesh/devops_software/jdk1.8.0_144/jre"/>
    <property name="basedir" value="/home/akhilesh/devops_software/01aug2018/akkki"/>
    <property name="file.separator" value="/"/>
    <property name="line.separator" value="&#10;"/>
    <property name="java.vm.specification.vendor" value="Oracle Corporation"/>
    <property name="java.specification.name" value="Java Platform API Specification"/>
    <property name="java.awt.graphicsenv" value="sun.awt.X11GraphicsEnvironment"/>
    <property name="surefire.real.class.path" value="/home/akhilesh/devops_software/01aug2018/akkki/target/surefire/surefirebooter8731953914173739927.jar"/>
    <property name="sun.boot.class.path" value="/home/akhilesh/devops_software/jdk1.8.0_144/jre/lib/resources.jar:/home/akhilesh/devops_software/jdk1.8.0_144/jre/lib/rt.jar:/home/akhilesh/devops_software/jdk1.8.0_144/jre/lib/sunrsasign.jar:/home/akhilesh/devops_software/jdk1.8.0_144/jre/lib/jsse.jar:/home/akhilesh/devops_software/jdk1.8.0_144/jre/lib/jce.jar:/home/akhilesh/devops_software/jdk1.8.0_144/jre/lib/charsets.jar:/home/akhilesh/devops_software/jdk1.8.0_144/jre/lib/jfr.jar:/home/akhilesh/devops_software/jdk1.8.0_144/jre/classes"/>
    <property name="sun.management.compiler" value="HotSpot 64-Bit Tiered Compilers"/>
    <property name="java.runtime.version" value="1.8.0_144-b01"/>
    <property name="user.name" value="akhilesh"/>
    <property name="path.separator" value=":"/>
    <property name="os.version" value="4.13.0-45-generic"/>
    <property name="java.endorsed.dirs" value="/home/akhilesh/devops_software/jdk1.8.0_144/jre/lib/endorsed"/>
    <property name="java.runtime.name" value="Java(TM) SE Runtime Environment"/>
    <property name="file.encoding" value="UTF-8"/>
    <property name="java.vm.name" value="Java HotSpot(TM) 64-Bit Server VM"/>
    <property name="localRepository" value="/home/akhilesh/.m2/repository"/>
    <property name="java.vendor.url.bug" value="http://bugreport.sun.com/bugreport/"/>
    <property name="java.io.tmpdir" value="/tmp"/>
    <property name="java.version" value="1.8.0_144"/>
    <property name="user.dir" value="/home/akhilesh/devops_software/01aug2018/akkki"/>
    <property name="os.arch" value="amd64"/>
    <property name="java.vm.specification.name" value="Java Virtual Machine Specification"/>
    <property name="java.awt.printerjob" value="sun.print.PSPrinterJob"/>
    <property name="sun.os.patch.level" value="unknown"/>
    <property name="java.library.path" value="/usr/java/packages/lib/amd64:/usr/lib64:/lib64:/lib:/usr/lib"/>
    <property name="java.vm.info" value="mixed mode"/>
    <property name="java.vendor" value="Oracle Corporation"/>
    <property name="java.vm.version" value="25.144-b01"/>
    <property name="java.ext.dirs" value="/home/akhilesh/devops_software/jdk1.8.0_144/jre/lib/ext:/usr/java/packages/lib/ext"/>
    <property name="sun.io.unicode.encoding" value="UnicodeLittle"/>
    <property name="java.class.version" value="52.0"/>
  </properties>
  <testcase name="shouldAnswerWithTrue" classname="com.akkki.AppTest" time="0.008"/>
</testsuite>